Versi├│n de MSBuild 17.8.3+195e7f5a3 para .NET
  Determinando los proyectos que se van a restaurar...
  Todos los proyectos est├ín actualizados para la restauraci├│n.
C:\Users\dales\OneDrive\Desktop\TESIS-WAZA\SAVIMF-backend\backend_alert_csharp\backend_alert\Infrastructure\Communication\FCMService.cs(122,33): warning CS1998: El m├⌐todo asincr├│nico carece de operadores "await" y se ejecutar├í de forma sincr├│nica. Puede usar el operador 'await' para esperar llamadas API que no sean de bloqueo o 'await Task.Run(...)' para hacer tareas enlazadas a la CPU en un subproceso en segundo plano. [C:\Users\dales\OneDrive\Desktop\TESIS-WAZA\SAVIMF-backend\backend_alert_csharp\backend_alert\backend_alert_csharp.csproj]
C:\Users\dales\OneDrive\Desktop\TESIS-WAZA\SAVIMF-backend\backend_alert_csharp\backend_alert\Infrastructure\Persistence\AlertaRepositoryFirestore.cs(263,27): warning CS1998: El m├⌐todo asincr├│nico carece de operadores "await" y se ejecutar├í de forma sincr├│nica. Puede usar el operador 'await' para esperar llamadas API que no sean de bloqueo o 'await Task.Run(...)' para hacer tareas enlazadas a la CPU en un subproceso en segundo plano. [C:\Users\dales\OneDrive\Desktop\TESIS-WAZA\SAVIMF-backend\backend_alert_csharp\backend_alert\backend_alert_csharp.csproj]
C:\Users\dales\OneDrive\Desktop\TESIS-WAZA\SAVIMF-backend\backend_alert_csharp\backend_alert\Program.cs(300,66): warning CS1998: El m├⌐todo asincr├│nico carece de operadores "await" y se ejecutar├í de forma sincr├│nica. Puede usar el operador 'await' para esperar llamadas API que no sean de bloqueo o 'await Task.Run(...)' para hacer tareas enlazadas a la CPU en un subproceso en segundo plano. [C:\Users\dales\OneDrive\Desktop\TESIS-WAZA\SAVIMF-backend\backend_alert_csharp\backend_alert\backend_alert_csharp.csproj]
  backend_alert_csharp -> C:\Users\dales\OneDrive\Desktop\TESIS-WAZA\SAVIMF-backend\backend_alert_csharp\backend_alert\bin\Debug\net8.0\backend_alert_csharp.dll
C:\Users\dales\OneDrive\Desktop\TESIS-WAZA\SAVIMF-backend\backend_alert_csharp\backend_alert_csharp.Tests\p_unitarias\ValidadorDatosServiceTests.cs(11,27): error CS7036: No se ha dado ning├║n argumento que corresponda al par├ímetro requerido "logger" de "ValidadorDatosService.ValidadorDatosService(ILogger<ValidadorDatosService>)" [C:\Users\dales\OneDrive\Desktop\TESIS-WAZA\SAVIMF-backend\backend_alert_csharp\backend_alert_csharp.Tests\backend_alert_csharp.Tests.csproj]
C:\Users\dales\OneDrive\Desktop\TESIS-WAZA\SAVIMF-backend\backend_alert_csharp\backend_alert_csharp.Tests\p_unitarias\ValidadorDatosServiceTests.cs(12,26): error CS1729: 'Alerta' no contiene un constructor que tome 5 argumentos [C:\Users\dales\OneDrive\Desktop\TESIS-WAZA\SAVIMF-backend\backend_alert_csharp\backend_alert_csharp.Tests\backend_alert_csharp.Tests.csproj]
C:\Users\dales\OneDrive\Desktop\TESIS-WAZA\SAVIMF-backend\backend_alert_csharp\backend_alert_csharp.Tests\p_unitarias\ValidadorDatosServiceTests.cs(19,27): error CS7036: No se ha dado ning├║n argumento que corresponda al par├ímetro requerido "logger" de "ValidadorDatosService.ValidadorDatosService(ILogger<ValidadorDatosService>)" [C:\Users\dales\OneDrive\Desktop\TESIS-WAZA\SAVIMF-backend\backend_alert_csharp\backend_alert_csharp.Tests\backend_alert_csharp.Tests.csproj]
C:\Users\dales\OneDrive\Desktop\TESIS-WAZA\SAVIMF-backend\backend_alert_csharp\backend_alert_csharp.Tests\p_unitarias\ValidadorDatosServiceTests.cs(20,26): error CS1729: 'Alerta' no contiene un constructor que tome 5 argumentos [C:\Users\dales\OneDrive\Desktop\TESIS-WAZA\SAVIMF-backend\backend_alert_csharp\backend_alert_csharp.Tests\backend_alert_csharp.Tests.csproj]
C:\Users\dales\OneDrive\Desktop\TESIS-WAZA\SAVIMF-backend\backend_alert_csharp\backend_alert_csharp.Tests\p_unitarias\RegistrarAlertaUseCaseTests.cs(16,26): error CS1729: 'Alerta' no contiene un constructor que tome 5 argumentos [C:\Users\dales\OneDrive\Desktop\TESIS-WAZA\SAVIMF-backend\backend_alert_csharp\backend_alert_csharp.Tests\backend_alert_csharp.Tests.csproj]
C:\Users\dales\OneDrive\Desktop\TESIS-WAZA\SAVIMF-backend\backend_alert_csharp\backend_alert_csharp.Tests\p_unitarias\LoginUseCaseTests.cs(45,77): warning CS8600: Se va a convertir un literal nulo o un posible valor nulo en un tipo que no acepta valores NULL [C:\Users\dales\OneDrive\Desktop\TESIS-WAZA\SAVIMF-backend\backend_alert_csharp\backend_alert_csharp.Tests\backend_alert_csharp.Tests.csproj]

ERROR al compilar.

C:\Users\dales\OneDrive\Desktop\TESIS-WAZA\SAVIMF-backend\backend_alert_csharp\backend_alert\Infrastructure\Communication\FCMService.cs(122,33): warning CS1998: El m├⌐todo asincr├│nico carece de operadores "await" y se ejecutar├í de forma sincr├│nica. Puede usar el operador 'await' para esperar llamadas API que no sean de bloqueo o 'await Task.Run(...)' para hacer tareas enlazadas a la CPU en un subproceso en segundo plano. [C:\Users\dales\OneDrive\Desktop\TESIS-WAZA\SAVIMF-backend\backend_alert_csharp\backend_alert\backend_alert_csharp.csproj]
C:\Users\dales\OneDrive\Desktop\TESIS-WAZA\SAVIMF-backend\backend_alert_csharp\backend_alert\Infrastructure\Persistence\AlertaRepositoryFirestore.cs(263,27): warning CS1998: El m├⌐todo asincr├│nico carece de operadores "await" y se ejecutar├í de forma sincr├│nica. Puede usar el operador 'await' para esperar llamadas API que no sean de bloqueo o 'await Task.Run(...)' para hacer tareas enlazadas a la CPU en un subproceso en segundo plano. [C:\Users\dales\OneDrive\Desktop\TESIS-WAZA\SAVIMF-backend\backend_alert_csharp\backend_alert\backend_alert_csharp.csproj]
C:\Users\dales\OneDrive\Desktop\TESIS-WAZA\SAVIMF-backend\backend_alert_csharp\backend_alert\Program.cs(300,66): warning CS1998: El m├⌐todo asincr├│nico carece de operadores "await" y se ejecutar├í de forma sincr├│nica. Puede usar el operador 'await' para esperar llamadas API que no sean de bloqueo o 'await Task.Run(...)' para hacer tareas enlazadas a la CPU en un subproceso en segundo plano. [C:\Users\dales\OneDrive\Desktop\TESIS-WAZA\SAVIMF-backend\backend_alert_csharp\backend_alert\backend_alert_csharp.csproj]
C:\Users\dales\OneDrive\Desktop\TESIS-WAZA\SAVIMF-backend\backend_alert_csharp\backend_alert_csharp.Tests\p_unitarias\LoginUseCaseTests.cs(45,77): warning CS8600: Se va a convertir un literal nulo o un posible valor nulo en un tipo que no acepta valores NULL [C:\Users\dales\OneDrive\Desktop\TESIS-WAZA\SAVIMF-backend\backend_alert_csharp\backend_alert_csharp.Tests\backend_alert_csharp.Tests.csproj]
C:\Users\dales\OneDrive\Desktop\TESIS-WAZA\SAVIMF-backend\backend_alert_csharp\backend_alert_csharp.Tests\p_unitarias\ValidadorDatosServiceTests.cs(11,27): error CS7036: No se ha dado ning├║n argumento que corresponda al par├ímetro requerido "logger" de "ValidadorDatosService.ValidadorDatosService(ILogger<ValidadorDatosService>)" [C:\Users\dales\OneDrive\Desktop\TESIS-WAZA\SAVIMF-backend\backend_alert_csharp\backend_alert_csharp.Tests\backend_alert_csharp.Tests.csproj]
C:\Users\dales\OneDrive\Desktop\TESIS-WAZA\SAVIMF-backend\backend_alert_csharp\backend_alert_csharp.Tests\p_unitarias\ValidadorDatosServiceTests.cs(12,26): error CS1729: 'Alerta' no contiene un constructor que tome 5 argumentos [C:\Users\dales\OneDrive\Desktop\TESIS-WAZA\SAVIMF-backend\backend_alert_csharp\backend_alert_csharp.Tests\backend_alert_csharp.Tests.csproj]
C:\Users\dales\OneDrive\Desktop\TESIS-WAZA\SAVIMF-backend\backend_alert_csharp\backend_alert_csharp.Tests\p_unitarias\ValidadorDatosServiceTests.cs(19,27): error CS7036: No se ha dado ning├║n argumento que corresponda al par├ímetro requerido "logger" de "ValidadorDatosService.ValidadorDatosService(ILogger<ValidadorDatosService>)" [C:\Users\dales\OneDrive\Desktop\TESIS-WAZA\SAVIMF-backend\backend_alert_csharp\backend_alert_csharp.Tests\backend_alert_csharp.Tests.csproj]
C:\Users\dales\OneDrive\Desktop\TESIS-WAZA\SAVIMF-backend\backend_alert_csharp\backend_alert_csharp.Tests\p_unitarias\ValidadorDatosServiceTests.cs(20,26): error CS1729: 'Alerta' no contiene un constructor que tome 5 argumentos [C:\Users\dales\OneDrive\Desktop\TESIS-WAZA\SAVIMF-backend\backend_alert_csharp\backend_alert_csharp.Tests\backend_alert_csharp.Tests.csproj]
C:\Users\dales\OneDrive\Desktop\TESIS-WAZA\SAVIMF-backend\backend_alert_csharp\backend_alert_csharp.Tests\p_unitarias\RegistrarAlertaUseCaseTests.cs(16,26): error CS1729: 'Alerta' no contiene un constructor que tome 5 argumentos [C:\Users\dales\OneDrive\Desktop\TESIS-WAZA\SAVIMF-backend\backend_alert_csharp\backend_alert_csharp.Tests\backend_alert_csharp.Tests.csproj]
    4 Advertencia(s)
    5 Errores

Tiempo transcurrido 00:00:04.36
